#
# There is insufficient memory for the Java Runtime Environment to continue.
# Native memory allocation (mmap) failed to map 130023424 bytes for G1 virtual space
# Possible reasons:
#   The system is out of physical RAM or swap space
#   The process is running with CompressedOops enabled, and the Java Heap may be blocking the growth of the native heap
# Possible solutions:
#   Reduce memory load on the system
#   Increase physical memory or swap space
#   Check if swap backing store is full
#   Decrease Java heap size (-Xmx/-Xms)
#   Decrease number of Java threads
#   Decrease Java thread stack sizes (-Xss)
#   Set larger code cache with -XX:ReservedCodeCacheSize=
#   JVM is running with Unscaled Compressed Oops mode in which the Java heap is
#     placed in the first 4GB address space. The Java Heap base address is the
#     maximum limit for the native heap growth. Please use -XX:HeapBaseMinAddress
#     to set the Java Heap base and to place the Java Heap above 4GB virtual address.
# This output file may be truncated or incomplete.
#
#  Out of Memory Error (os_windows.cpp:3469), pid=32064, tid=32920
#
# JRE version:  (17.0+35) (build )
# Java VM: OpenJDK 64-Bit Server VM (17+35, mixed mode, sharing, tiered, compressed oops, compressed class ptrs, g1 gc, windows-amd64)
# No core dump will be written. Minidumps are not enabled by default on client versions of Windows
#

---------------  S U M M A R Y ------------

Command Line: -XX:+ShowCodeDetailsInExceptionMessages -agentlib:jdwp=transport=dt_socket,suspend=y,address=localhost:53131 -javaagent:C:\Users\sujan\eclipse\jee-2021-09\eclipse\configuration\org.eclipse.osgi\415\0\.cp\lib\javaagent-shaded.jar -Dfile.encoding=Cp1252 basics.ExceptionPropogation

Host: 11th Gen Intel(R) Core(TM) i5-1135G7 @ 2.40GHz, 8 cores, 7G,  Windows 10 , 64 bit Build 22621 (10.0.22621.2428)
Time: Wed Nov  1 18:17:08 2023 India Standard Time elapsed time: 0.016759 seconds (0d 0h 0m 0s)

---------------  T H R E A D  ---------------

Current thread (0x00000189f00ac290):  JavaThread "Unknown thread" [_thread_in_vm, id=32920, stack(0x0000003637a00000,0x0000003637b00000)]

Stack: [0x0000003637a00000,0x0000003637b00000]
Native frames: (J=compiled Java code, j=interpreted, Vv=VM code, C=native code)
V  [jvm.dll+0x674afa]
V  [jvm.dll+0x82eb44]
V  [jvm.dll+0x8302ee]
V  [jvm.dll+0x830953]
V  [jvm.dll+0x245335]
V  [jvm.dll+0x671ae9]
V  [jvm.dll+0x6665b2]
V  [jvm.dll+0x303e3b]
V  [jvm.dll+0x30b376]
V  [jvm.dll+0x35b30e]
V  [jvm.dll+0x35b53f]
V  [jvm.dll+0x2dad78]
V  [jvm.dll+0x2dbce4]
V  [jvm.dll+0x8006a1]
V  [jvm.dll+0x369081]
V  [jvm.dll+0x7dfb6c]
V  [jvm.dll+0x3eb9bf]
V  [jvm.dll+0x3ed6f1]
C  [jli.dll+0x5277]
C  [ucrtbase.dll+0x29363]
C  [KERNEL32.DLL+0x1257d]
C  [ntdll.dll+0x5aa78]


---------------  P R O C E S S  ---------------

Threads class SMR info:
_java_thread_list=0x00007ff826cf4e58, length=0, elements={
}

Java Threads: ( => current thread )

Other Threads:
  0x00000189f00ea270 GCTaskThread "GC Thread#0" [stack: 0x0000003637b00000,0x0000003637c00000] [id=32896]
  0x00000189f00fa6b0 ConcurrentGCThread "G1 Main Marker" [stack: 0x0000003637c00000,0x0000003637d00000] [id=32936]
  0x00000189f00fb0c0 ConcurrentGCThread "G1 Conc#0" [stack: 0x0000003637d00000,0x0000003637e00000] [id=32892]

[error occurred during error reporting (printing all threads), id 0xc0000005, EXCEPTION_ACCESS_VIOLATION (0xc0000005) at pc=0x00007ff8264cb7f7]

VM state: not at safepoint (not fully initialized)

VM Mutex/Monitor currently owned by a thread:  ([mutex/lock_event])
[0x00000189f00a8120] Heap_lock - owner thread: 0x00000189f00ac290

Heap address: 0x0000000085800000, size: 1960 MB, Compressed Oops mode: 32-bit

CDS archive(s) mapped at: [0x0000000000000000-0x0000000000000000-0x0000000000000000), size 0, SharedBaseAddress: 0x0000000800000000, ArchiveRelocationMode: 0.
Narrow klass base: 0x0000000000000000, Narrow klass shift: 0, Narrow klass range: 0x0

GC Precious Log:
<Empty>

Heap:
 garbage-first heap   total 0K, used 0K [0x0000000085800000, 0x0000000100000000)
  region size 1024K, 0 young (0K), 0 survivors (0K)

[error occurred during error reporting (printing heap information), id 0xc0000005, EXCEPTION_ACCESS_VIOLATION (0xc0000005) at pc=0x00007ff8268adfc9]

GC Heap History (0 events):
No events

Deoptimization events (0 events):
No events

Classes unloaded (0 events):
No events

Classes redefined (0 events):
No events

Internal exceptions (0 events):
No events

VM Operations (0 events):
No events

Events (1 events):
Event: 0.010 Loaded shared library C:\Users\sujan\.p2\pool\plugins\org.eclipse.justj.openjdk.hotspot.jre.full.win32.x86_64_17.0.0.v20211012-1059\jre\bin\java.dll


Dynamic libraries:
0x00007ff6b2280000 - 0x00007ff6b228e000 	C:\Users\sujan\.p2\pool\plugins\org.eclipse.justj.openjdk.hotspot.jre.full.win32.x86_64_17.0.0.v20211012-1059\jre\bin\javaw.exe
0x00007ff87bf50000 - 0x00007ff87c167000 	C:\WINDOWS\SYSTEM32\ntdll.dll
0x00007ff87bae0000 - 0x00007ff87bba4000 	C:\WINDOWS\System32\KERNEL32.DLL
0x00007ff879580000 - 0x00007ff879926000 	C:\WINDOWS\System32\KERNELBASE.dll
0x00007ff879b90000 - 0x00007ff879ca1000 	C:\WINDOWS\System32\ucrtbase.dll
0x00007ff852dd0000 - 0x00007ff852de9000 	C:\Users\sujan\.p2\pool\plugins\org.eclipse.justj.openjdk.hotspot.jre.full.win32.x86_64_17.0.0.v20211012-1059\jre\bin\VCRUNTIME140.dll
0x00007ff852e90000 - 0x00007ff852ea8000 	C:\Users\sujan\.p2\pool\plugins\org.eclipse.justj.openjdk.hotspot.jre.full.win32.x86_64_17.0.0.v20211012-1059\jre\bin\jli.dll
0x00007ff87bcb0000 - 0x00007ff87be5d000 	C:\WINDOWS\System32\USER32.dll
0x00007ff8794b0000 - 0x00007ff8794d6000 	C:\WINDOWS\System32\win32u.dll
0x00007ff87b960000 - 0x00007ff87b989000 	C:\WINDOWS\System32\GDI32.dll
0x00007ff879390000 - 0x00007ff8794a8000 	C:\WINDOWS\System32\gdi32full.dll
0x00007ff8794e0000 - 0x00007ff87957a000 	C:\WINDOWS\System32\msvcp_win.dll
0x00007ff8575c0000 - 0x00007ff857853000 	C:\WINDOWS\WinSxS\amd64_microsoft.windows.common-controls_6595b64144ccf1df_6.0.22621.2361_none_2712ced57382f843\COMCTL32.dll
0x00007ff87a4d0000 - 0x00007ff87a577000 	C:\WINDOWS\System32\msvcrt.dll
0x00007ff87bbb0000 - 0x00007ff87bbe1000 	C:\WINDOWS\System32\IMM32.DLL
0x00007ff871db0000 - 0x00007ff871dbc000 	C:\Users\sujan\.p2\pool\plugins\org.eclipse.justj.openjdk.hotspot.jre.full.win32.x86_64_17.0.0.v20211012-1059\jre\bin\vcruntime140_1.dll
0x00007ff846ea0000 - 0x00007ff846f31000 	C:\Users\sujan\.p2\pool\plugins\org.eclipse.justj.openjdk.hotspot.jre.full.win32.x86_64_17.0.0.v20211012-1059\jre\bin\msvcp140.dll
0x00007ff8261e0000 - 0x00007ff826e26000 	C:\Users\sujan\.p2\pool\plugins\org.eclipse.justj.openjdk.hotspot.jre.full.win32.x86_64_17.0.0.v20211012-1059\jre\bin\server\jvm.dll
0x00007ff87be60000 - 0x00007ff87bf10000 	C:\WINDOWS\System32\ADVAPI32.dll
0x00007ff87a600000 - 0x00007ff87a6a6000 	C:\WINDOWS\System32\sechost.dll
0x00007ff879cb0000 - 0x00007ff879dc7000 	C:\WINDOWS\System32\RPCRT4.dll
0x00007ff87b6b0000 - 0x00007ff87b6b8000 	C:\WINDOWS\System32\PSAPI.DLL
0x00007ff86ea50000 - 0x00007ff86ea84000 	C:\WINDOWS\SYSTEM32\WINMM.dll
0x00007ff86dc30000 - 0x00007ff86dc3a000 	C:\WINDOWS\SYSTEM32\VERSION.dll
0x00007ff83d390000 - 0x00007ff83d399000 	C:\WINDOWS\SYSTEM32\WSOCK32.dll
0x00007ff87a580000 - 0x00007ff87a5f1000 	C:\WINDOWS\System32\WS2_32.dll
0x00007ff8783e0000 - 0x00007ff8783f8000 	C:\WINDOWS\SYSTEM32\kernel.appcore.dll
0x00007ff871de0000 - 0x00007ff871dea000 	C:\Users\sujan\.p2\pool\plugins\org.eclipse.justj.openjdk.hotspot.jre.full.win32.x86_64_17.0.0.v20211012-1059\jre\bin\jimage.dll
0x00007ff876b10000 - 0x00007ff876d3e000 	C:\WINDOWS\SYSTEM32\DBGHELP.DLL
0x00007ff879ef0000 - 0x00007ff87a27a000 	C:\WINDOWS\System32\combase.dll
0x00007ff87ba00000 - 0x00007ff87bad7000 	C:\WINDOWS\System32\OLEAUT32.dll
0x00007ff8532b0000 - 0x00007ff8532e2000 	C:\WINDOWS\SYSTEM32\dbgcore.DLL
0x00007ff879930000 - 0x00007ff8799aa000 	C:\WINDOWS\System32\bcryptPrimitives.dll
0x00007ff846e60000 - 0x00007ff846e9b000 	C:\Users\sujan\.p2\pool\plugins\org.eclipse.justj.openjdk.hotspot.jre.full.win32.x86_64_17.0.0.v20211012-1059\jre\bin\jdwp.dll
0x00007ff858210000 - 0x00007ff85821e000 	C:\Users\sujan\.p2\pool\plugins\org.eclipse.justj.openjdk.hotspot.jre.full.win32.x86_64_17.0.0.v20211012-1059\jre\bin\instrument.dll
0x00007ff8716f0000 - 0x00007ff871715000 	C:\Users\sujan\.p2\pool\plugins\org.eclipse.justj.openjdk.hotspot.jre.full.win32.x86_64_17.0.0.v20211012-1059\jre\bin\java.dll

dbghelp: loaded successfully - version: 4.0.5 - missing functions: none
symbol engine: initialized successfully - sym options: 0x614 - pdb path: .;C:\Users\sujan\.p2\pool\plugins\org.eclipse.justj.openjdk.hotspot.jre.full.win32.x86_64_17.0.0.v20211012-1059\jre\bin;C:\WINDOWS\SYSTEM32;C:\WINDOWS\WinSxS\amd64_microsoft.windows.common-controls_6595b64144ccf1df_6.0.22621.2361_none_2712ced57382f843;C:\Users\sujan\.p2\pool\plugins\org.eclipse.justj.openjdk.hotspot.jre.full.win32.x86_64_17.0.0.v20211012-1059\jre\bin\server

VM Arguments:
jvm_args: -XX:+ShowCodeDetailsInExceptionMessages -agentlib:jdwp=transport=dt_socket,suspend=y,address=localhost:53131 -javaagent:C:\Users\sujan\eclipse\jee-2021-09\eclipse\configuration\org.eclipse.osgi\415\0\.cp\lib\javaagent-shaded.jar -Dfile.encoding=Cp1252 
java_command: basics.ExceptionPropogation
java_class_path (initial): C:\Users\sujan\Downloads\java\bin
Launcher Type: SUN_STANDARD

[Global flags]
     intx CICompilerCount                          = 4                                         {product} {ergonomic}
     uint ConcGCThreads                            = 2                                         {product} {ergonomic}
     uint G1ConcRefinementThreads                  = 8                                         {product} {ergonomic}
   size_t G1HeapRegionSize                         = 1048576                                   {product} {ergonomic}
    uintx GCDrainStackTargetSize                   = 64                                        {product} {ergonomic}
   size_t InitialHeapSize                          = 130023424                                 {product} {ergonomic}
   size_t MarkStackSize                            = 4194304                                   {product} {ergonomic}
   size_t MaxHeapSize                              = 2055208960                                {product} {ergonomic}
   size_t MinHeapDeltaBytes                        = 1048576                                   {product} {ergonomic}
   size_t MinHeapSize                              = 8388608                                   {product} {ergonomic}
    uintx NonNMethodCodeHeapSize                   = 5839372                                {pd product} {ergonomic}
    uintx NonProfiledCodeHeapSize                  = 122909434                              {pd product} {ergonomic}
    uintx ProfiledCodeHeapSize                     = 122909434                              {pd product} {ergonomic}
    uintx ReservedCodeCacheSize                    = 251658240                              {pd product} {ergonomic}
     bool SegmentedCodeCache                       = true                                      {product} {ergonomic}
     bool ShowCodeDetailsInExceptionMessages       = true                                   {manageable} {command line}
   size_t SoftMaxHeapSize                          = 2055208960                             {manageable} {ergonomic}
     bool UseCompressedClassPointers               = true                           {product lp64_product} {ergonomic}
     bool UseCompressedOops                        = true                           {product lp64_product} {ergonomic}
     bool UseG1GC                                  = true                                      {product} {ergonomic}
     bool UseLargePagesIndividualAllocation        = false                                  {pd product} {ergonomic}

Logging:
Log output configuration:
 #0: stdout all=warning uptime,level,tags
 #1: stderr all=off uptime,level,tags

Environment Variables:
JAVA_HOME=C:\Program Files\Java\jdk-17.0.1
PATH=C:\Users\sujan\.p2\pool\plugins\org.eclipse.justj.openjdk.hotspot.jre.full.win32.x86_64_17.0.0.v20211012-1059\jre\bin;C:/Users/sujan/.p2/pool/plugins/org.eclipse.justj.openjdk.hotspot.jre.full.win32.x86_64_17.0.0.v20211012-1059/jre/bin/server;C:/Users/sujan/.p2/pool/plugins/org.eclipse.justj.openjdk.hotspot.jre.full.win32.x86_64_17.0.0.v20211012-1059/jre/bin;C:\Program Files (x86)\VMware\VMware Player\bin\;C:\Program Files\Common Files\Oracle\Java\javapath;C:\Program Files\Python310\Scripts\;C:\Program Files\Python310\;C:\WINDOWS\system32;C:\WINDOWS;C:\WINDOWS\System32\Wbem;C:\WINDOWS\System32\WindowsPowerShell\v1.0\;C:\WINDOWS\System32\OpenSSH\;C:\Program Files\Java\jdk-17.0.1\bin;C:\Elastic_stack\elasticsearch-7.16.2-windows-x86_64\elasticsearch-7.16.2\bin;C:\Elastic_stack\kibana-7.16.2-windows-x86_64\kibana-7.16.2-windows-x86_64\bin;C:\Elastic_stack\logstash-7.16.2-windows-x86_64\logstash-7.16.2\bin;C:\Users\sujan\AppData\Local\Microsoft\WindowsApps;C:\Program Files\JetBrains\PyCharm Community Edition 2021.2.3\bin;;C:\Users\sujan\AppData\Local\Programs\Microsoft VS Code\bin;C:\Program Files (x86)\Nmap;C:\Users\sujan\Downloads\logstash-8.8.2-windows-x86_64\logstash-8.8.2\bin;C:\Users\sujan\Downloads\elasticsearch-8.8.2-windows-x86_64\elasticsearch-8.8.2\bin;C:\Users\sujan\Downloads\kibana-8.8.2-windows-x86_64\kibana-8.8.2\bin;;C:\WINDOWS\system32;
USERNAME=sujan
OS=Windows_NT
PROCESSOR_IDENTIFIER=Intel64 Family 6 Model 140 Stepping 1, GenuineIntel



---------------  S Y S T E M  ---------------

OS:
 Windows 10 , 64 bit Build 22621 (10.0.22621.2428)
OS uptime: 0 days 12:14 hours
Hyper-V role detected

CPU: total 8 (initial active 8) (4 cores per cpu, 2 threads per core) family 6 model 140 stepping 1 microcode 0xaa, cx8, cmov, fxsr, ht, mmx, 3dnowpref, sse, sse2, sse3, ssse3, sse4.1, sse4.2, popcnt, lzcnt, tsc, tscinvbit, avx, avx2, aes, erms, clmul, bmi1, bmi2, adx, avx512f, avx512dq, avx512cd, avx512bw, avx512vl, sha, fma, vzeroupper, avx512_vpopcntdq, avx512_vpclmulqdq, avx512_vaes, avx512_vnni, clflush, clflushopt, clwb, avx512_vbmi2, avx512_vbmi, hv

Memory: 4k page, system-wide physical 7834M (566M free)
TotalPageFile size 31386M (AvailPageFile size 49M)
current process WorkingSet (physical memory assigned to process): 11M, peak: 11M
current process commit charge ("private bytes"): 60M, peak: 184M

vm_info: OpenJDK 64-Bit Server VM (17+35) for windows-amd64 JRE (17+35), built on Sep 14 2021 17:27:39 by "" with MS VC++ 16.7 (VS2019)

END.
